C51 COMPILER V9.60.0.0   MAIN                                                              07/03/2022 22:01:18 PAGE 1   


C51 COMPILER V9.60.0.0, COMPILATION OF MODULE MAIN
OBJECT MODULE PLACED IN .\Objects\main.obj
COMPILER INVOKED BY: E:\keil\C51\BIN\C51.EXE main.c OPTIMIZE(8,SPEED) BROWSE DEBUG OBJECTEXTEND PRINT(.\Listings\main.ls
                    -t) OBJECT(.\Objects\main.obj)

line level    source

   1          #include <REGX52.H>
   2          #include "delay.h"
   3          int a[10]={~0xC0,~0xF9,~0xA4,~0xB0,~0x99,~0x92,~0x82,~0xF8,~0x80,~0x90};
   4          int b[]={1,2,3,1,2,3};
   5          unsigned char n=0;
   6          unsigned char i=0;
   7          unsigned char j=0;
   8          void display(unsigned char L,int num)
   9          {
  10   1              switch(L)
  11   1              {
  12   2                      case 1:P2_4=1;P2_3=1;P2_2=1;break;
  13   2                      case 2:P2_4=1;P2_3=1;P2_2=0;break;
  14   2                      case 3:P2_4=1;P2_3=0;P2_2=1;break;
  15   2                      case 4:P2_4=1;P2_3=0;P2_2=0;break;
  16   2                      case 5:P2_4=0;P2_3=1;P2_2=1;break;
  17   2                      case 6:P2_4=0;P2_3=1;P2_2=0;break;
  18   2                      case 7:P2_4=0;P2_3=0;P2_2=1;break;
  19   2                      case 8:P2_4=0;P2_3=0;P2_2=0;break;
  20   2              }
  21   1              P0=a[num];
  22   1      }
  23          void main()
  24          {
  25   1              while(n<20)
  26   1              {
  27   2                      display(1,b[i]);
  28   2                      delay_ms(10);
  29   2                      P0=0;
  30   2                      delay_ms(2);
  31   2                      display(2,b[i+1]);
  32   2                      delay_ms(10);
  33   2                      P0=0;
  34   2                      delay_ms(2);
  35   2                      display(3,b[i+2]);
  36   2                      delay_ms(10);
  37   2                      P0=0;
  38   2                      delay_ms(2);
  39   2      
  40   2                      n++;
  41   2              }
  42   1              n=0;
  43   1              i++;
  44   1              if(i>2)
  45   1              {
  46   2                      i=0;
  47   2              }
  48   1              while(n<20)
  49   1              {
  50   2                      display(1,b[i]);
  51   2                      delay_ms(10);
  52   2                      P0=0;
  53   2                      delay_ms(2);
  54   2                      display(2,b[i+1]);
C51 COMPILER V9.60.0.0   MAIN                                                              07/03/2022 22:01:18 PAGE 2   

  55   2                      delay_ms(10);
  56   2                      P0=0;
  57   2                      delay_ms(2);
  58   2                      display(3,b[i+2]);
  59   2                      delay_ms(10);
  60   2                      P0=0;
  61   2                      delay_ms(2);
  62   2      
  63   2                      n++;
  64   2              }
  65   1              n=0;
  66   1              i++;
  67   1              if(i>2)
  68   1              {
  69   2                      i=0;
  70   2              }
  71   1              while(n<20)
  72   1              {
  73   2                      display(1,b[i]);
  74   2                      delay_ms(10);
  75   2                      P0=0;
  76   2                      delay_ms(2);
  77   2                      display(2,b[i+1]);
  78   2                      delay_ms(10);
  79   2                      P0=0;
  80   2                      delay_ms(2);
  81   2                      display(3,b[i+2]);
  82   2                      delay_ms(10);
  83   2                      P0=0;
  84   2                      delay_ms(2);
  85   2      
  86   2                      n++;
  87   2              }
  88   1              n=0;
  89   1              i++;
  90   1              if(i>2)
  91   1              {
  92   2                      i=0;
  93   2              }
  94   1              
  95   1      }


MODULE INFORMATION:   STATIC OVERLAYABLE
   CODE SIZE        =    474    ----
   CONSTANT SIZE    =   ----    ----
   XDATA SIZE       =   ----    ----
   PDATA SIZE       =   ----    ----
   DATA SIZE        =     35    ----
   IDATA SIZE       =   ----    ----
   BIT SIZE         =   ----    ----
END OF MODULE INFORMATION.


C51 COMPILATION COMPLETE.  0 WARNING(S),  0 ERROR(S)
